<?xml version="1.0" encoding="UTF-8"?>
<!-- Generated by org.testng.reporters.JUnitXMLReporter -->
<testsuite hostname="MININT-UM25UFB" ignored="0" name="Dollar Days Test" tests="3" failures="2" timestamp="2020-10-05T21:57:33 EDT" time="64.895" errors="0">
  <testcase name="TC_01_addToCart" time="11.613" classname="com.dollardays.testcases.FavoriteLinkTestcase"/>
  <testcase name="TC_02_SortBy_priceLowToHigh" time="8.706" classname="com.dollardays.testcases.FavoriteLinkTestcase">
    <failure type="java.lang.AssertionError" message="expected [false] but found [true]">
      <![CDATA[java.lang.AssertionError: expected [false] but found [true]
at com.dollardays.testcases.FavoriteLinkTestcase.TC_02_SortBy_priceLowToHigh(FavoriteLinkTestcase.java:155)
at java.util.ArrayList.forEach(ArrayList.java:1259)
... Removed 31 stack frames]]>
    </failure>
  </testcase> <!-- TC_02_SortBy_priceLowToHigh -->
  <testcase name="TC_03_SortBy_priceHighToLow" time="9.012" classname="com.dollardays.testcases.FavoriteLinkTestcase">
    <failure type="java.lang.AssertionError" message="expected [false] but found [true]">
      <![CDATA[java.lang.AssertionError: expected [false] but found [true]
at com.dollardays.testcases.FavoriteLinkTestcase.TC_03_SortBy_priceHighToLow(FavoriteLinkTestcase.java:231)
at java.util.ArrayList.forEach(ArrayList.java:1259)
... Removed 31 stack frames]]>
    </failure>
  </testcase> <!-- TC_03_SortBy_priceHighToLow -->
</testsuite> <!-- Dollar Days Test -->
