<?xml version="1.0" encoding="UTF-8"?>
<testsuite xmlns:xsi="http://www.w3.org/2001/XMLSchema-instance" xsi:schemaLocation="https://maven.apache.org/surefire/maven-surefire-plugin/xsd/surefire-test-report.xsd" name="TestSuite" time="263.735" tests="18" errors="0" skipped="7" failures="4">
  <properties>
[...]
</properties>
  <testcase name="TC1_submitARequestPage" classname="com.dollardays.testcases.SubmitARequestTestcase" time="2.569">
    <failure type="java.lang.NullPointerException">java.lang.NullPointerException
	at com.dollardays.testcases.SubmitARequestTestcase.TC1_submitARequestPage(SubmitARequestTestcase.java:40)
</failure>
    <system-out><![CDATA[[TestNGContentHandler] [WARN] It is strongly recommended to add "<!DOCTYPE suite SYSTEM "http://testng.org/testng-1.0.dtd" >" at the top of your file, otherwise TestNG may fail or not work as expected.
*** Test Suite Dollar Days Test started ***
rowcount4

 colcount9
srikanthtesting100@gmail.com cGFzc3dvcmQxMjM= TC1 Submit A Request with valid data  yes  8090900890 Damage 7890 This product has damage *** Running test method TC1_submitARequestPage...
*** Test execution TC1_submitARequestPage failed...
]]></system-out>
    <system-err><![CDATA[log4j:WARN No appenders could be found for logger (com.dollardays.testcases.MT).
log4j:WARN Please initialize the log4j system properly.
log4j:WARN See http://logging.apache.org/log4j/1.2/faq.html#noconfig for more info.
Starting ChromeDriver 85.0.4183.87 (cd6713ebf92fa1cacc0f1a598df280093af0c5d7-refs/branch-heads/4183@{#1689}) on port 3218
Only local connections are allowed.
Please see https://chromedriver.chromium.org/security-considerations for suggestions on keeping ChromeDriver safe.
ChromeDriver was started successfully.
[1602723484.543][WARNING]: This version of ChromeDriver has not been tested with Chrome version 86.
]]></system-err>
  </testcase>
  <testcase name="quit" classname="com.dollardays.testcases.SubmitARequestTestcase" time="6.793">
    <failure message="chrome not reachable&#10;  (Session info: chrome=86.0.4240.75)&#10;  (Driver info: chromedriver=85.0.4183.87 (cd6713ebf92fa1cacc0f1a598df280093af0c5d7-refs/branch-heads/4183@{#1689}),platform=Windows NT 10.0.18362 x86_64) (WARNING: The server did not provide any stacktrace information)&#10;Command duration or timeout: 4.23 seconds&#10;Build info: version: &apos;2.53.1&apos;, revision: &apos;a36b8b1cd5757287168e54b817830adce9b0158d&apos;, time: &apos;2016-06-30 19:26:09&apos;&#10;System info: host: &apos;MININT-UM25UFB&apos;, ip: &apos;10.0.75.1&apos;, os.name: &apos;Windows 10&apos;, os.arch: &apos;amd64&apos;, os.version: &apos;10.0&apos;, java.version: &apos;1.8.0_261&apos;&#10;Driver info: org.openqa.selenium.chrome.ChromeDriver&#10;Capabilities [{mobileEmulationEnabled=false, timeouts={implicit=0, pageLoad=300000, script=30000}, hasTouchScreen=false, platform=XP, acceptSslCerts=false, goog:chromeOptions={debuggerAddress=localhost:61401}, acceptInsecureCerts=false, webStorageEnabled=true, browserName=chrome, takesScreenshot=true, javascriptEnabled=true, setWindowRect=true, unexpectedAlertBehaviour=ignore, applicationCacheEnabled=false, rotatable=false, networkConnectionEnabled=false, chrome={chromedriverVersion=85.0.4183.87 (cd6713ebf92fa1cacc0f1a598df280093af0c5d7-refs/branch-heads/4183@{#1689}), userDataDir=C:\Users\Rajesh\AppData\Local\Temp\scoped_dir14408_564222904}, takesHeapSnapshot=true, pageLoadStrategy=normal, strictFileInteractability=false, databaseEnabled=false, handlesAlerts=true, version=86.0.4240.75, browserConnectionEnabled=false, proxy={}, nativeEvents=true, locationContextEnabled=true, cssSelectorsEnabled=true, webauthn:virtualAuthenticators=true}]&#10;Session ID: 3a56533f935b9d54239b4daef6944f98" type="org.openqa.selenium.WebDriverException">org.openqa.selenium.WebDriverException: 
chrome not reachable
  (Session info: chrome=86.0.4240.75)
  (Driver info: chromedriver=85.0.4183.87 (cd6713ebf92fa1cacc0f1a598df280093af0c5d7-refs/branch-heads/4183@{#1689}),platform=Windows NT 10.0.18362 x86_64) (WARNING: The server did not provide any stacktrace information)
Command duration or timeout: 4.23 seconds
Build info: version: '2.53.1', revision: 'a36b8b1cd5757287168e54b817830adce9b0158d', time: '2016-06-30 19:26:09'
System info: host: 'MININT-UM25UFB', ip: '10.0.75.1', os.name: 'Windows 10', os.arch: 'amd64', os.version: '10.0', java.version: '1.8.0_261'
Driver info: org.openqa.selenium.chrome.ChromeDriver
Capabilities [{mobileEmulationEnabled=false, timeouts={implicit=0, pageLoad=300000, script=30000}, hasTouchScreen=false, platform=XP, acceptSslCerts=false, goog:chromeOptions={debuggerAddress=localhost:61401}, acceptInsecureCerts=false, webStorageEnabled=true, browserName=chrome, takesScreenshot=true, javascriptEnabled=true, setWindowRect=true, unexpectedAlertBehaviour=ignore, applicationCacheEnabled=false, rotatable=false, networkConnectionEnabled=false, chrome={chromedriverVersion=85.0.4183.87 (cd6713ebf92fa1cacc0f1a598df280093af0c5d7-refs/branch-heads/4183@{#1689}), userDataDir=C:\Users\Rajesh\AppData\Local\Temp\scoped_dir14408_564222904}, takesHeapSnapshot=true, pageLoadStrategy=normal, strictFileInteractability=false, databaseEnabled=false, handlesAlerts=true, version=86.0.4240.75, browserConnectionEnabled=false, proxy={}, nativeEvents=true, locationContextEnabled=true, cssSelectorsEnabled=true, webauthn:virtualAuthenticators=true}]
Session ID: 3a56533f935b9d54239b4daef6944f98
</failure>
  </testcase>
  <testcase name="quit" classname="com.dollardays.testcases.SubmitARequestTestcase" time="0">
    <skipped/>
  </testcase>
  <testcase name="quit" classname="com.dollardays.testcases.SubmitARequestTestcase" time="0">
    <skipped/>
  </testcase>
  <testcase name="setUpBrowser" classname="com.dollardays.testcases.SubmitARequestTestcase" time="0">
    <skipped/>
    <system-out><![CDATA[rowcount4

 colcount9
srikanthtesting100@gmail.com cGFzc3dvcmQxMjM= TC1 Submit A Request with valid data  yes  8090900890 Damage 7890 This product has damage ]]></system-out>
  </testcase>
  <testcase name="setUpBrowser" classname="com.dollardays.testcases.SubmitARequestTestcase" time="0">
    <skipped/>
    <system-out><![CDATA[rowcount4

 colcount9
srikanthtesting100@gmail.com cGFzc3dvcmQxMjM= TC1 Submit A Request with valid data  yes  8090900890 Damage 7890 This product has damage ]]></system-out>
  </testcase>
  <testcase name="TC2_findallLinks_submitRequestPage" classname="com.dollardays.testcases.SubmitARequestTestcase" time="0">
    <skipped message="chrome not reachable&#10;  (Session info: chrome=86.0.4240.75)&#10;  (Driver info: chromedriver=85.0.4183.87 (cd6713ebf92fa1cacc0f1a598df280093af0c5d7-refs/branch-heads/4183@{#1689}),platform=Windows NT 10.0.18362 x86_64) (WARNING: The server did not provide any stacktrace information)&#10;Command duration or timeout: 4.23 seconds&#10;Build info: version: &apos;2.53.1&apos;, revision: &apos;a36b8b1cd5757287168e54b817830adce9b0158d&apos;, time: &apos;2016-06-30 19:26:09&apos;&#10;System info: host: &apos;MININT-UM25UFB&apos;, ip: &apos;10.0.75.1&apos;, os.name: &apos;Windows 10&apos;, os.arch: &apos;amd64&apos;, os.version: &apos;10.0&apos;, java.version: &apos;1.8.0_261&apos;&#10;Driver info: org.openqa.selenium.chrome.ChromeDriver&#10;Capabilities [{mobileEmulationEnabled=false, timeouts={implicit=0, pageLoad=300000, script=30000}, hasTouchScreen=false, platform=XP, acceptSslCerts=false, goog:chromeOptions={debuggerAddress=localhost:61401}, acceptInsecureCerts=false, webStorageEnabled=true, browserName=chrome, takesScreenshot=true, javascriptEnabled=true, setWindowRect=true, unexpectedAlertBehaviour=ignore, applicationCacheEnabled=false, rotatable=false, networkConnectionEnabled=false, chrome={chromedriverVersion=85.0.4183.87 (cd6713ebf92fa1cacc0f1a598df280093af0c5d7-refs/branch-heads/4183@{#1689}), userDataDir=C:\Users\Rajesh\AppData\Local\Temp\scoped_dir14408_564222904}, takesHeapSnapshot=true, pageLoadStrategy=normal, strictFileInteractability=false, databaseEnabled=false, handlesAlerts=true, version=86.0.4240.75, browserConnectionEnabled=false, proxy={}, nativeEvents=true, locationContextEnabled=true, cssSelectorsEnabled=true, webauthn:virtualAuthenticators=true}]&#10;Session ID: 3a56533f935b9d54239b4daef6944f98"/>
    <system-out><![CDATA[*** Test TC2_findallLinks_submitRequestPage skipped...
]]></system-out>
  </testcase>
  <testcase name="TC3_helpmessage_submitRequestPage" classname="com.dollardays.testcases.SubmitARequestTestcase" time="0">
    <skipped message="chrome not reachable&#10;  (Session info: chrome=86.0.4240.75)&#10;  (Driver info: chromedriver=85.0.4183.87 (cd6713ebf92fa1cacc0f1a598df280093af0c5d7-refs/branch-heads/4183@{#1689}),platform=Windows NT 10.0.18362 x86_64) (WARNING: The server did not provide any stacktrace information)&#10;Command duration or timeout: 4.23 seconds&#10;Build info: version: &apos;2.53.1&apos;, revision: &apos;a36b8b1cd5757287168e54b817830adce9b0158d&apos;, time: &apos;2016-06-30 19:26:09&apos;&#10;System info: host: &apos;MININT-UM25UFB&apos;, ip: &apos;10.0.75.1&apos;, os.name: &apos;Windows 10&apos;, os.arch: &apos;amd64&apos;, os.version: &apos;10.0&apos;, java.version: &apos;1.8.0_261&apos;&#10;Driver info: org.openqa.selenium.chrome.ChromeDriver&#10;Capabilities [{mobileEmulationEnabled=false, timeouts={implicit=0, pageLoad=300000, script=30000}, hasTouchScreen=false, platform=XP, acceptSslCerts=false, goog:chromeOptions={debuggerAddress=localhost:61401}, acceptInsecureCerts=false, webStorageEnabled=true, browserName=chrome, takesScreenshot=true, javascriptEnabled=true, setWindowRect=true, unexpectedAlertBehaviour=ignore, applicationCacheEnabled=false, rotatable=false, networkConnectionEnabled=false, chrome={chromedriverVersion=85.0.4183.87 (cd6713ebf92fa1cacc0f1a598df280093af0c5d7-refs/branch-heads/4183@{#1689}), userDataDir=C:\Users\Rajesh\AppData\Local\Temp\scoped_dir14408_564222904}, takesHeapSnapshot=true, pageLoadStrategy=normal, strictFileInteractability=false, databaseEnabled=false, handlesAlerts=true, version=86.0.4240.75, browserConnectionEnabled=false, proxy={}, nativeEvents=true, locationContextEnabled=true, cssSelectorsEnabled=true, webauthn:virtualAuthenticators=true}]&#10;Session ID: 3a56533f935b9d54239b4daef6944f98"/>
    <system-out><![CDATA[*** Test TC3_helpmessage_submitRequestPage skipped...
]]></system-out>
  </testcase>
  <testcase name="afterClass" classname="com.dollardays.testcases.SubmitARequestTestcase" time="0">
    <skipped/>
  </testcase>
  <testcase name="TC_01_addToCart" classname="com.dollardays.testcases.FavoriteLinkTestcase" time="12.453"/>
  <testcase name="TC_02_SortBy_priceLowToHigh" classname="com.dollardays.testcases.FavoriteLinkTestcase" time="10.528">
    <failure message="expected [false] but found [true]" type="java.lang.AssertionError">java.lang.AssertionError: expected [false] but found [true]
	at com.dollardays.testcases.FavoriteLinkTestcase.TC_02_SortBy_priceLowToHigh(FavoriteLinkTestcase.java:155)
</failure>
    <system-out><![CDATA[rowcount4

 colcount5
TC2 Sort price Low to High Yes srikanthtesting100@gmail.com cGFzc3dvcmQxMjM= *** Running test method TC_02_SortBy_priceLowToHigh...
items are $2.71 - $3.17/unit$4.79 - $5.20/unit$0.44/unit
t1.group() value prior conversion : 2
First iteam value is 2.0
else..updated.
*** Test execution TC_02_SortBy_priceLowToHigh failed...
]]></system-out>
    <system-err><![CDATA[ChromeDriver was started successfully.
]]></system-err>
  </testcase>
  <testcase name="TC_03_SortBy_priceHighToLow" classname="com.dollardays.testcases.FavoriteLinkTestcase" time="16.911">
    <failure message="expected [false] but found [true]" type="java.lang.AssertionError">java.lang.AssertionError: expected [false] but found [true]
	at com.dollardays.testcases.FavoriteLinkTestcase.TC_03_SortBy_priceHighToLow(FavoriteLinkTestcase.java:231)
</failure>
    <system-out><![CDATA[rowcount4

 colcount5
TC3 Sort price High to Low Yes srikanthtesting100@gmail.com cGFzc3dvcmQxMjM= *** Running test method TC_03_SortBy_priceHighToLow...
items are $2.71 - $3.17/unit$4.79 - $5.20/unit$0.44/unit
t1.group() value prior conversion : 2
First iteam value is 2.0
in last else....
*** Test execution TC_03_SortBy_priceHighToLow failed...
]]></system-out>
    <system-err><![CDATA[ChromeDriver was started successfully.
]]></system-err>
  </testcase>
  <testcase name="verifyMenuItemsTest" classname="com.dollardays.testcases.MenuTestcase" time="1.846"/>
  <testcase name="verifyMaskSanitizerPPETest" classname="com.dollardays.testcases.MenuTestcase" time="3.031"/>
  <testcase name="verifyForwardBackpacksTest" classname="com.dollardays.testcases.MenuTestcase" time="3.07"/>
  <testcase name="verifyBabyTest" classname="com.dollardays.testcases.MenuTestcase" time="1.049"/>
  <testcase name="verifyfAQsTest" classname="com.dollardays.testcases.MenuTestcase" time="2.736"/>
  <testcase name="verifyElementsOnfAQsTest" classname="com.dollardays.testcases.MenuTestcase" time="3.694"/>
</testsuite>